<?xml version="1.0" encoding="UTF-8"?>
<testsuite name="TestSlat" tests="6" skipped="0" failures="0" errors="0" timestamp="2021-02-18T08:19:19" hostname="DESKTOP-DH04QBG" time="2.394">
  <properties/>
  <testcase name="factory()" classname="TestSlat" time="0.816"/>
  <testcase name="methods()" classname="TestSlat" time="0.272"/>
  <testcase name="neutral()" classname="TestSlat" time="0.267"/>
  <testcase name="fullDown()" classname="TestSlat" time="0.322"/>
  <testcase name="down()" classname="TestSlat" time="0.355"/>
  <testcase name="up()" classname="TestSlat" time="0.338"/>
  <system-out><![CDATA[

Slat$Port.down()



Slat$Port.down()

Slat$Port.up()
]]></system-out>
  <system-err><![CDATA[Feb. 18, 2021 9:19:20 AM org.hsqldb.persist.Logger logInfoEvent
INFO: Database closed
Feb. 18, 2021 9:19:20 AM org.hsqldb.persist.Logger logInfoEvent
INFO: Database closed
Feb. 18, 2021 9:19:20 AM org.hsqldb.persist.Logger logInfoEvent
INFO: Database closed
Feb. 18, 2021 9:19:21 AM org.hsqldb.persist.Logger logInfoEvent
INFO: Database closed
Feb. 18, 2021 9:19:21 AM org.hsqldb.persist.Logger logInfoEvent
INFO: Database closed
Feb. 18, 2021 9:19:21 AM org.hsqldb.persist.Logger logInfoEvent
INFO: Database closed
]]></system-err>
</testsuite>
